<?xml version="1.0" encoding="UTF-8"?>
<!-- Generated by org.testng.reporters.JUnitXMLReporter -->
<testsuite ignored="1" hostname="DESKTOP-CJA0QNI" failures="0" tests="2" name="Default test" time="56.584" errors="0" timestamp="2024-05-30T12:52:59 BST">
  <testcase classname="com.cgi.test.LoginTest" name="validLoginTest" time="3.852"/>
  <testcase classname="com.cgi.test.LoginTest" name="validLoginTest" time="4.07"/>
  <testcase classname="com.cgi.test.LoginTest" name="invalidLoginTest" time="0.0">
    <ignored/>
  </testcase> <!-- invalidLoginTest -->
</testsuite> <!-- Default test -->
