<?xml version="1.0" encoding="UTF-8"?>
<testng-results ignored="0" total="2" passed="2" failed="0" skipped="0">
  <reporter-output>
  </reporter-output>
  <suite started-at="2024-05-31T13:26:16 BST" name="Default suite" finished-at="2024-05-31T13:26:35 BST" duration-ms="18785">
    <groups>
      <group name="cucumber">
        <method signature="AbstractTestNGCucumberTests.runScenario(io.cucumber.testng.PickleWrapper,io.cucumber.testng.FeatureWrapper)[pri:0, instance:com.cgi.runner.RunnerTest@8f2ef19]" name="runScenario" class="io.cucumber.testng.AbstractTestNGCucumberTests"/>
      </group> <!-- cucumber -->
    </groups>
    <test started-at="2024-05-31T13:26:16 BST" name="Default test" finished-at="2024-05-31T13:26:35 BST" duration-ms="18785">
      <class name="com.cgi.runner.RunnerTest">
        <test-method is-config="true" signature="setUpClass(org.testng.ITestContext)[pri:0, instance:com.cgi.runner.RunnerTest@8f2ef19]" started-at="2024-05-31T13:26:16 BST" name="setUpClass" finished-at="2024-05-31T13:26:17 BST" duration-ms="592" status="PASS">
          <params>
            <param index="0">
              <value>
                <![CDATA[org.testng.TestRunner@2c7a8af2]]>
              </value>
            </param>
          </params>
          <reporter-output>
          </reporter-output>
        </test-method> <!-- setUpClass -->
        <test-method signature="runScenario(io.cucumber.testng.PickleWrapper,io.cucumber.testng.FeatureWrapper)[pri:0, instance:com.cgi.runner.RunnerTest@8f2ef19]" started-at="2024-05-31T13:26:17 BST" name="runScenario" description="Runs Cucumber Scenarios" data-provider="scenarios" finished-at="2024-05-31T13:26:27 BST" duration-ms="9527" status="PASS">
          <params>
            <param index="0">
              <value>
                <![CDATA["Add Valid Employee"]]>
              </value>
            </param>
            <param index="1">
              <value>
                <![CDATA["Employee"]]>
              </value>
            </param>
          </params>
          <reporter-output>
          </reporter-output>
        </test-method> <!-- runScenario -->
        <test-method signature="runScenario(io.cucumber.testng.PickleWrapper,io.cucumber.testng.FeatureWrapper)[pri:0, instance:com.cgi.runner.RunnerTest@8f2ef19]" started-at="2024-05-31T13:26:27 BST" name="runScenario" description="Runs Cucumber Scenarios" data-provider="scenarios" finished-at="2024-05-31T13:26:35 BST" duration-ms="8598" status="PASS">
          <params>
            <param index="0">
              <value>
                <![CDATA["Add Valid Employee"]]>
              </value>
            </param>
            <param index="1">
              <value>
                <![CDATA["Employee"]]>
              </value>
            </param>
          </params>
          <reporter-output>
          </reporter-output>
        </test-method> <!-- runScenario -->
        <test-method is-config="true" signature="tearDownClass()[pri:0, instance:com.cgi.runner.RunnerTest@8f2ef19]" started-at="2024-05-31T13:26:35 BST" name="tearDownClass" finished-at="2024-05-31T13:26:35 BST" duration-ms="26" status="PASS">
          <reporter-output>
          </reporter-output>
        </test-method> <!-- tearDownClass -->
      </class> <!-- com.cgi.runner.RunnerTest -->
    </test> <!-- Default test -->
  </suite> <!-- Default suite -->
</testng-results>
