<?xml version="1.0" encoding="UTF-8"?>
<!-- Generated by org.testng.reporters.JUnitXMLReporter -->
<testsuite ignored="2" hostname="DESKTOP-CJA0QNI" failures="1" tests="2" name="Login UI Test Edge" time="13.012" errors="0" timestamp="2024-05-30T13:28:30 BST">
  <testcase classname="com.cgi.test.LoginUITest" name="headerTest" time="0.33"/>
  <testcase classname="com.cgi.test.LoginUITest" name="titleTest" time="0.018">
    <failure type="java.lang.AssertionError" message="expected [OrangeHRM123] but found [OrangeHRM]">
      <![CDATA[java.lang.AssertionError: expected [OrangeHRM123] but found [OrangeHRM]
at com.cgi.test.LoginUITest.titleTest(LoginUITest.java:14)
at java.base/java.util.ArrayList.forEach(ArrayList.java:1511)
... Removed 33 stack frames]]>
    </failure>
  </testcase> <!-- titleTest -->
  <testcase classname="com.cgi.test.LoginTest" name="invalidLoginTest" time="0.0">
    <ignored/>
  </testcase> <!-- invalidLoginTest -->
  <testcase classname="com.cgi.test.LoginTest" name="validLoginTest" time="0.0">
    <ignored/>
  </testcase> <!-- validLoginTest -->
</testsuite> <!-- Login UI Test Edge -->
